This is pdfTeX, Version 3.14159265-2.6-1.40.16 (TeX Live 2015) (preloaded format=pdflatex 2016.1.16)  28 JUN 2017 20:32
entering extended mode
 restricted \write18 enabled.
 file:line:error style messages enabled.
 %&-line parsing enabled.
**14D000_Thesis.tex
(./14D000_Thesis.tex
LaTeX2e <2015/01/01>
Babel <3.9l> and hyphenation patterns for 79 languages loaded.
(/usr/local/texlive/2015/texmf-dist/tex/latex/koma-script/scrreprt.cls
Document Class: scrreprt 2015/05/06 v3.17a KOMA-Script document class (report)
(/usr/local/texlive/2015/texmf-dist/tex/latex/koma-script/scrkbase.sty
Package: scrkbase 2015/05/06 v3.17a KOMA-Script package (KOMA-Script-dependent 
basics and keyval usage)

(/usr/local/texlive/2015/texmf-dist/tex/latex/koma-script/scrbase.sty
Package: scrbase 2015/05/06 v3.17a KOMA-Script package (KOMA-Script-independent
 basics and keyval usage)

(/usr/local/texlive/2015/texmf-dist/tex/latex/graphics/keyval.sty
Package: keyval 2014/10/28 v1.15 key=value parser (DPC)
\KV@toks@=\toks14
)
(/usr/local/texlive/2015/texmf-dist/tex/latex/koma-script/scrlfile.sty
Package: scrlfile 2015/05/06 v3.17a KOMA-Script package (loading files)

Package scrlfile, 2015/05/06 v3.17a KOMA-Script package (loading files)
                  Copyright (C) Markus Kohm

))) (/usr/local/texlive/2015/texmf-dist/tex/latex/koma-script/tocbasic.sty
Package: tocbasic 2015/05/06 v3.17a KOMA-Script package (handling toc-files)
)
Package tocbasic Info: omitting babel extension for `toc'
(tocbasic)             because of feature `nobabel' available
(tocbasic)             for `toc' on input line 124.
Package tocbasic Info: omitting babel extension for `lof'
(tocbasic)             because of feature `nobabel' available
(tocbasic)             for `lof' on input line 125.
Package tocbasic Info: omitting babel extension for `lot'
(tocbasic)             because of feature `nobabel' available
(tocbasic)             for `lot' on input line 126.
Package tocbasic Info: defining new hook before heading of `' on input line 155
2.
Package scrreprt Info: You've used standard option `11pt'.
(scrreprt)             This is correct!
(scrreprt)             Internally I'm using `fontsize=11pt'.
(scrreprt)             If you'd like to set the option with \KOMAoptions,
(scrreprt)             you'd have to use `fontsize=11pt' there
(scrreprt)             instead of `11pt', too.
Class scrreprt Info: You've used standard option `oneside'.
(scrreprt)           This is correct!
(scrreprt)           Internally I'm using `twoside=false'.
(scrreprt)           If you'd like to set the option with \KOMAoptions,
(scrreprt)           you'd have to use `twoside=false' there
(scrreprt)           instead of `oneside', too.
Class scrreprt Info: File `scrsize11pt.clo' used to setup font sizes on input l
ine 2149.

(/usr/local/texlive/2015/texmf-dist/tex/latex/koma-script/scrsize11pt.clo
File: scrsize11pt.clo 2015/05/06 v3.17a KOMA-Script font size class option (11p
t)
)
(/usr/local/texlive/2015/texmf-dist/tex/latex/koma-script/typearea.sty
Package: typearea 2015/05/06 v3.17a KOMA-Script package (type area)

Package typearea, 2015/05/06 v3.17a KOMA-Script package (type area)
                  Copyright (C) Frank Neukam, 1992-1994
                  Copyright (C) Markus Kohm, 1994-

\ta@bcor=\skip41
\ta@div=\count79
Package typearea Info: You've used standard option `oneside'.
(typearea)             This is correct!
(typearea)             Internally I'm using `twoside=false'.
(typearea)             If you'd like to set the option with \KOMAoptions,
(typearea)             you'd have to use `twoside=false' there
(typearea)             instead of `oneside', too.
\ta@hblk=\skip42
\ta@vblk=\skip43
\ta@temp=\skip44
\footheight=\skip45
Package typearea Info: These are the values describing the layout:
(typearea)             DIV  = 10
(typearea)             BCOR = 0.0pt
(typearea)             \paperwidth      = 597.50793pt
(typearea)              \textwidth      = 418.25555pt
(typearea)              DIV departure   = -6%
(typearea)              \evensidemargin = 17.3562pt
(typearea)              \oddsidemargin  = 17.3562pt
(typearea)             \paperheight     = 845.04694pt
(typearea)              \textheight     = 595.80026pt
(typearea)              \topmargin      = -25.16531pt
(typearea)              \headheight     = 17.0pt
(typearea)              \headsep        = 20.40001pt
(typearea)              \topskip        = 11.0pt
(typearea)              \footskip       = 47.6pt
(typearea)              \baselineskip   = 13.6pt
(typearea)              on input line 1485.
)
\c@part=\count80
\c@chapter=\count81
\c@section=\count82
\c@subsection=\count83
\c@subsubsection=\count84
\c@paragraph=\count85
\c@subparagraph=\count86
LaTeX Info: Redefining \textsubscript on input line 4417.
\abovecaptionskip=\skip46
\belowcaptionskip=\skip47
\c@pti@nb@sid@b@x=\box26
\c@figure=\count87
\c@table=\count88
\bibindent=\dimen102
) (/usr/local/texlive/2015/texmf-dist/tex/latex/geometry/geometry.sty
Package: geometry 2010/09/12 v5.6 Page Geometry

(/usr/local/texlive/2015/texmf-dist/tex/generic/oberdiek/ifpdf.sty
Package: ifpdf 2011/01/30 v2.3 Provides the ifpdf switch (HO)
Package ifpdf Info: pdfTeX in PDF mode is detected.
)
(/usr/local/texlive/2015/texmf-dist/tex/generic/oberdiek/ifvtex.sty
Package: ifvtex 2010/03/01 v1.5 Detect VTeX and its facilities (HO)
Package ifvtex Info: VTeX not detected.
)
(/usr/local/texlive/2015/texmf-dist/tex/generic/ifxetex/ifxetex.sty
Package: ifxetex 2010/09/12 v0.6 Provides ifxetex conditional
)
\Gm@cnth=\count89
\Gm@cntv=\count90
\c@Gm@tempcnt=\count91
\Gm@bindingoffset=\dimen103
\Gm@wd@mp=\dimen104
\Gm@odd@mp=\dimen105
\Gm@even@mp=\dimen106
\Gm@layoutwidth=\dimen107
\Gm@layoutheight=\dimen108
\Gm@layouthoffset=\dimen109
\Gm@layoutvoffset=\dimen110
\Gm@dimlist=\toks15
)
(/usr/local/texlive/2015/texmf-dist/tex/latex/graphics/graphicx.sty
Package: graphicx 2014/10/28 v1.0g Enhanced LaTeX Graphics (DPC,SPQR)

(/usr/local/texlive/2015/texmf-dist/tex/latex/graphics/graphics.sty
Package: graphics 2014/10/28 v1.0p Standard LaTeX Graphics (DPC,SPQR)

(/usr/local/texlive/2015/texmf-dist/tex/latex/graphics/trig.sty
Package: trig 1999/03/16 v1.09 sin cos tan (DPC)
)
(/usr/local/texlive/2015/texmf-dist/tex/latex/latexconfig/graphics.cfg
File: graphics.cfg 2010/04/23 v1.9 graphics configuration of TeX Live
)
Package graphics Info: Driver file: pdftex.def on input line 94.

(/usr/local/texlive/2015/texmf-dist/tex/latex/pdftex-def/pdftex.def
File: pdftex.def 2011/05/27 v0.06d Graphics/color for pdfTeX

(/usr/local/texlive/2015/texmf-dist/tex/generic/oberdiek/infwarerr.sty
Package: infwarerr 2010/04/08 v1.3 Providing info/warning/error messages (HO)
)
(/usr/local/texlive/2015/texmf-dist/tex/generic/oberdiek/ltxcmds.sty
Package: ltxcmds 2011/11/09 v1.22 LaTeX kernel commands for general use (HO)
)
\Gread@gobject=\count92
))
\Gin@req@height=\dimen111
\Gin@req@width=\dimen112
)
(/usr/local/texlive/2015/texmf-dist/tex/latex/amsfonts/amssymb.sty
Package: amssymb 2013/01/14 v3.01 AMS font symbols

(/usr/local/texlive/2015/texmf-dist/tex/latex/amsfonts/amsfonts.sty
Package: amsfonts 2013/01/14 v3.01 Basic AMSFonts support
\@emptytoks=\toks16
\symAMSa=\mathgroup4
\symAMSb=\mathgroup5
LaTeX Font Info:    Overwriting math alphabet `\mathfrak' in version `bold'
(Font)                  U/euf/m/n --> U/euf/b/n on input line 106.
))
(/usr/local/texlive/2015/texmf-dist/tex/latex/amsmath/amsmath.sty
Package: amsmath 2013/01/14 v2.14 AMS math features
\@mathmargin=\skip48

For additional information on amsmath, use the `?' option.
(/usr/local/texlive/2015/texmf-dist/tex/latex/amsmath/amstext.sty
Package: amstext 2000/06/29 v2.01

(/usr/local/texlive/2015/texmf-dist/tex/latex/amsmath/amsgen.sty
File: amsgen.sty 1999/11/30 v2.0
\@emptytoks=\toks17
\ex@=\dimen113
))
(/usr/local/texlive/2015/texmf-dist/tex/latex/amsmath/amsbsy.sty
Package: amsbsy 1999/11/29 v1.2d
\pmbraise@=\dimen114
)
(/usr/local/texlive/2015/texmf-dist/tex/latex/amsmath/amsopn.sty
Package: amsopn 1999/12/14 v2.01 operator names
)
\inf@bad=\count93
LaTeX Info: Redefining \frac on input line 210.
\uproot@=\count94
\leftroot@=\count95
LaTeX Info: Redefining \overline on input line 306.
\classnum@=\count96
\DOTSCASE@=\count97
LaTeX Info: Redefining \ldots on input line 378.
LaTeX Info: Redefining \dots on input line 381.
LaTeX Info: Redefining \cdots on input line 466.
\Mathstrutbox@=\box27
\strutbox@=\box28
\big@size=\dimen115
LaTeX Font Info:    Redeclaring font encoding OML on input line 566.
LaTeX Font Info:    Redeclaring font encoding OMS on input line 567.
\macc@depth=\count98
\c@MaxMatrixCols=\count99
\dotsspace@=\muskip10
\c@parentequation=\count100
\dspbrk@lvl=\count101
\tag@help=\toks18
\row@=\count102
\column@=\count103
\maxfields@=\count104
\andhelp@=\toks19
\eqnshift@=\dimen116
\alignsep@=\dimen117
\tagshift@=\dimen118
\tagwidth@=\dimen119
\totwidth@=\dimen120
\lineht@=\dimen121
\@envbody=\toks20
\multlinegap=\skip49
\multlinetaggap=\skip50
\mathdisplay@stack=\toks21
LaTeX Info: Redefining \[ on input line 2665.
LaTeX Info: Redefining \] on input line 2666.
)
(/usr/local/texlive/2015/texmf-dist/tex/latex/amscls/amsthm.sty
Package: amsthm 2015/03/04 v2.20.2
\thm@style=\toks22
\thm@bodyfont=\toks23
\thm@headfont=\toks24
\thm@notefont=\toks25
\thm@headpunct=\toks26
\thm@preskip=\skip51
\thm@postskip=\skip52
\thm@headsep=\skip53
\dth@everypar=\toks27
)
(/usr/local/texlive/2015/texmf-dist/tex/latex/tools/bm.sty
Package: bm 2014/10/28 v1.1c Bold Symbol Support (DPC/FMi)
\symboldoperators=\mathgroup6
\symboldletters=\mathgroup7
\symboldsymbols=\mathgroup8
LaTeX Font Info:    Redeclaring math alphabet \mathbf on input line 141.
LaTeX Info: Redefining \bm on input line 207.
)
(/usr/local/texlive/2015/texmf-dist/tex/latex/caption/subcaption.sty
Package: subcaption 2013/02/03 v1.1-62 Sub-captions (AR)

(/usr/local/texlive/2015/texmf-dist/tex/latex/caption/caption.sty
Package: caption 2013/05/02 v3.3-89 Customizing captions (AR)

(/usr/local/texlive/2015/texmf-dist/tex/latex/caption/caption3.sty
Package: caption3 2013/05/02 v1.6-88 caption3 kernel (AR)
Package caption3 Info: TeX engine: e-TeX on input line 57.
\captionmargin=\dimen122
\captionmargin@=\dimen123
\captionwidth=\dimen124
\caption@tempdima=\dimen125
\caption@indent=\dimen126
\caption@parindent=\dimen127
\caption@hangindent=\dimen128
)
Package caption Info: KOMA-Script document class.
\c@ContinuedFloat=\count105
)
\c@subfigure=\count106
\c@subtable=\count107
)
(/usr/local/texlive/2015/texmf-dist/tex/latex/algorithms/algorithm.sty
Package: algorithm 2009/08/24 v0.1 Document Style `algorithm' - floating enviro
nment

(/usr/local/texlive/2015/texmf-dist/tex/latex/float/float.sty
Package: float 2001/11/08 v1.3d Float enhancements (AL)
\c@float@type=\count108
\float@exts=\toks28
\float@box=\box29
\@float@everytoks=\toks29
\@floatcapt=\box30
)
(/usr/local/texlive/2015/texmf-dist/tex/latex/base/ifthen.sty
Package: ifthen 2014/09/29 v1.1c Standard LaTeX ifthen package (DPC)
)
\@float@every@algorithm=\toks30
\c@algorithm=\count109
)
(/usr/local/texlive/2015/texmf-dist/tex/latex/algorithmicx/algpseudocode.sty
Package: algpseudocode 

(/usr/local/texlive/2015/texmf-dist/tex/latex/algorithmicx/algorithmicx.sty
Package: algorithmicx 2005/04/27 v1.2 Algorithmicx

Document Style algorithmicx 1.2 - a greatly improved `algorithmic' style
\c@ALG@line=\count110
\c@ALG@rem=\count111
\c@ALG@nested=\count112
\ALG@tlm=\skip54
\ALG@thistlm=\skip55
\c@ALG@Lnr=\count113
\c@ALG@blocknr=\count114
\c@ALG@storecount=\count115
\c@ALG@tmpcounter=\count116
\ALG@tmplength=\skip56
)
Document Style - pseudocode environments for use with the `algorithmicx' style
) (./14D000_Thesis.aux)
\openout1 = `14D000_Thesis.aux'.

LaTeX Font Info:    Checking defaults for OML/cmm/m/it on input line 33.
LaTeX Font Info:    ... okay on input line 33.
LaTeX Font Info:    Checking defaults for T1/cmr/m/n on input line 33.
LaTeX Font Info:    ... okay on input line 33.
LaTeX Font Info:    Checking defaults for OT1/cmr/m/n on input line 33.
LaTeX Font Info:    ... okay on input line 33.
LaTeX Font Info:    Checking defaults for OMS/cmsy/m/n on input line 33.
LaTeX Font Info:    ... okay on input line 33.
LaTeX Font Info:    Checking defaults for OMX/cmex/m/n on input line 33.
LaTeX Font Info:    ... okay on input line 33.
LaTeX Font Info:    Checking defaults for U/cmr/m/n on input line 33.
LaTeX Font Info:    ... okay on input line 33.

*geometry* driver: auto-detecting
*geometry* detected driver: pdftex
*geometry* verbose mode - [ preamble ] result:
* driver: pdftex
* paper: letterpaper
* layout: <same size as paper>
* layoutoffset:(h,v)=(0.0pt,0.0pt)
* modes: 
* h-part:(L,W,R)=(92.14519pt, 430.00462pt, 92.14519pt)
* v-part:(T,H,B)=(95.39737pt, 556.47656pt, 143.09605pt)
* \paperwidth=614.295pt
* \paperheight=794.96999pt
* \textwidth=430.00462pt
* \textheight=556.47656pt
* \oddsidemargin=19.8752pt
* \evensidemargin=19.8752pt
* \topmargin=-14.27263pt
* \headheight=17.0pt
* \headsep=20.40001pt
* \topskip=11.0pt
* \footskip=47.6pt
* \marginparwidth=59.7508pt
* \marginparsep=12.8401pt
* \columnsep=10.0pt
* \skip\footins=10.0pt plus 4.0pt minus 2.0pt
* \hoffset=0.0pt
* \voffset=0.0pt
* \mag=1000
* \@twocolumnfalse
* \@twosidefalse
* \@mparswitchfalse
* \@reversemarginfalse
* (1in=72.27pt=25.4mm, 1cm=28.453pt)

(/usr/local/texlive/2015/texmf-dist/tex/context/base/supp-pdf.mkii
[Loading MPS to PDF converter (version 2006.09.02).]
\scratchcounter=\count117
\scratchdimen=\dimen129
\scratchbox=\box31
\nofMPsegments=\count118
\nofMParguments=\count119
\everyMPshowfont=\toks31
\MPscratchCnt=\count120
\MPscratchDim=\dimen130
\MPnumerator=\count121
\makeMPintoPDFobject=\count122
\everyMPtoPDFconversion=\toks32
) (/usr/local/texlive/2015/texmf-dist/tex/generic/oberdiek/pdftexcmds.sty
Package: pdftexcmds 2011/11/29 v0.20 Utility functions of pdfTeX for LuaTeX (HO
)

(/usr/local/texlive/2015/texmf-dist/tex/generic/oberdiek/ifluatex.sty
Package: ifluatex 2010/03/01 v1.3 Provides the ifluatex switch (HO)
Package ifluatex Info: LuaTeX not detected.
)
Package pdftexcmds Info: LuaTeX not detected.
Package pdftexcmds Info: \pdf@primitive is available.
Package pdftexcmds Info: \pdf@ifprimitive is available.
Package pdftexcmds Info: \pdfdraftmode found.
)
(/usr/local/texlive/2015/texmf-dist/tex/latex/oberdiek/epstopdf-base.sty
Package: epstopdf-base 2010/02/09 v2.5 Base part for package epstopdf

(/usr/local/texlive/2015/texmf-dist/tex/latex/oberdiek/grfext.sty
Package: grfext 2010/08/19 v1.1 Manage graphics extensions (HO)

(/usr/local/texlive/2015/texmf-dist/tex/generic/oberdiek/kvdefinekeys.sty
Package: kvdefinekeys 2011/04/07 v1.3 Define keys (HO)
))
(/usr/local/texlive/2015/texmf-dist/tex/latex/oberdiek/kvoptions.sty
Package: kvoptions 2011/06/30 v3.11 Key value format for package options (HO)

(/usr/local/texlive/2015/texmf-dist/tex/generic/oberdiek/kvsetkeys.sty
Package: kvsetkeys 2012/04/25 v1.16 Key value parser (HO)

(/usr/local/texlive/2015/texmf-dist/tex/generic/oberdiek/etexcmds.sty
Package: etexcmds 2011/02/16 v1.5 Avoid name clashes with e-TeX commands (HO)
Package etexcmds Info: Could not find \expanded.
(etexcmds)             That can mean that you are not using pdfTeX 1.50 or
(etexcmds)             that some package has redefined \expanded.
(etexcmds)             In the latter case, load this package earlier.
)))
Package grfext Info: Graphics extension search list:
(grfext)             [.png,.pdf,.jpg,.mps,.jpeg,.jbig2,.jb2,.PNG,.PDF,.JPG,.JPE
G,.JBIG2,.JB2,.eps]
(grfext)             \AppendGraphicsExtensions on input line 452.

(/usr/local/texlive/2015/texmf-dist/tex/latex/latexconfig/epstopdf-sys.cfg
File: epstopdf-sys.cfg 2010/07/13 v1.3 Configuration of (r)epstopdf for TeX Liv
e
))
Package caption Info: Begin \AtBeginDocument code.
Package caption Info: float package is loaded.
Package caption Info: End \AtBeginDocument code.


LaTeX Font Warning: Font shape `OT1/cmss/bx/it' undefined
(Font)              using `OT1/cmss/bx/n' instead on input line 35.

LaTeX Font Info:    Try loading font information for U+msa on input line 35.
(/usr/local/texlive/2015/texmf-dist/tex/latex/amsfonts/umsa.fd
File: umsa.fd 2013/01/14 v3.01 AMS symbols A
)
LaTeX Font Info:    Try loading font information for U+msb on input line 35.

(/usr/local/texlive/2015/texmf-dist/tex/latex/amsfonts/umsb.fd
File: umsb.fd 2013/01/14 v3.01 AMS symbols B
) [1



{/usr/local/texlive/2015/texmf-var/fonts/map/pdftex/updmap/pdftex.map}] [2]
(./14D000_Thesis.toc)
\tf@toc=\write3
\openout3 = `14D000_Thesis.toc'.

 [3

]
Chapter 1.

Class scrreprt Warning: \float@addtolists detected!
(scrreprt)              Implementation of \float@addtolist became
(scrreprt)              deprecated in KOMA-Script v3.01 2008/11/14 and
(scrreprt)              has been replaced by several more flexible
(scrreprt)              features of package `tocbasic`.
(scrreprt)              Since Version 3.12 support for deprecated
(scrreprt)              \float@addtolist interface has been
(scrreprt)              restricted to only some of the KOMA-Script
(scrreprt)              features and been removed from others.
(scrreprt)              Loading of package `scrhack' may help to
(scrreprt)              avoid this warning, if you are using a
(scrreprt)              a package that still implements the
(scrreprt)              deprecated \float@addtolist interface .


Underfull \hbox (badness 10000) in paragraph at lines 67--68

 []


Underfull \hbox (badness 10000) in paragraph at lines 69--70

 []


Underfull \hbox (badness 10000) in paragraph at lines 71--72

 []


Underfull \hbox (badness 10000) in paragraph at lines 74--75

 []

[4

]
Chapter 2.

Underfull \hbox (badness 10000) in paragraph at lines 87--88

 []

[5

] [6] [7]
Chapter 3.

Underfull \hbox (badness 10000) in paragraph at lines 178--180

 []

[8

]
Underfull \hbox (badness 10000) in paragraph at lines 238--239

 []

[9]
Underfull \hbox (badness 10000) in paragraph at lines 240--243

 []

<../../images/ullm-realization.png, id=46, 602.25pt x 451.6875pt>
File: ../../images/ullm-realization.png Graphic file (type png)

<use ../../images/ullm-realization.png>
Package pdftex.def Info: ../../images/ullm-realization.png used on input line 2
53.
(pdftex.def)             Requested size: 213.39566pt x 160.05037pt.

<../../images/ullm-estimate-kalman.png, id=48, 602.25pt x 451.6875pt>
File: ../../images/ullm-estimate-kalman.png Graphic file (type png)

<use ../../images/ullm-estimate-kalman.png>
Package pdftex.def Info: ../../images/ullm-estimate-kalman.png used on input li
ne 257.
(pdftex.def)             Requested size: 213.39566pt x 160.05037pt.
 [10 <../../images/ullm-realization.png> <../../images/ullm-estimate-kalman.png
>]
Underfull \hbox (badness 10000) in paragraph at lines 273--274

 []

[11]
Underfull \hbox (badness 10000) in paragraph at lines 298--299

 []


Overfull \hbox (1.44615pt too wide) in paragraph at lines 334--336
\OT1/cmr/m/n/10.95 Sample quan-tiles can be used to con-struct con-fi-dence in-
ter-vals for these es-ti-mates. Through-
 []

[12]
Underfull \hbox (badness 10000) in paragraph at lines 340--341

 []

<../../images/ullm-estimate-particle.png, id=60, 602.25pt x 451.6875pt>
File: ../../images/ullm-estimate-particle.png Graphic file (type png)

<use ../../images/ullm-estimate-particle.png>
Package pdftex.def Info: ../../images/ullm-estimate-particle.png used on input 
line 347.
(pdftex.def)             Requested size: 213.39566pt x 160.05037pt.

<../../images/ullm-filter-comparison.png, id=61, 602.25pt x 451.6875pt>
File: ../../images/ullm-filter-comparison.png Graphic file (type png)

<use ../../images/ullm-filter-comparison.png>
Package pdftex.def Info: ../../images/ullm-filter-comparison.png used on input 
line 351.
(pdftex.def)             Requested size: 213.39566pt x 160.05037pt.

Underfull \hbox (badness 10000) in paragraph at lines 362--363

 []


Underfull \hbox (badness 10000) in paragraph at lines 368--370

 []

[13 <../../images/ullm-estimate-particle.png> <../../images/ullm-filter-compari
son.png>]
Underfull \hbox (badness 10000) in paragraph at lines 376--378

 []


Underfull \hbox (badness 10000) in paragraph at lines 385--386

 []


LaTeX Warning: `!h' float specifier changed to `!ht'.


Underfull \hbox (badness 10000) in paragraph at lines 420--421

 []

[14] <../../images/ullm-loglik-zoom-2.png, id=71, 1003.75pt x 301.125pt>
File: ../../images/ullm-loglik-zoom-2.png Graphic file (type png)

<use ../../images/ullm-loglik-zoom-2.png>
Package pdftex.def Info: ../../images/ullm-loglik-zoom-2.png used on input line
 428.
(pdftex.def)             Requested size: 412.56496pt x 123.76988pt.
 [15 <../../images/ullm-loglik-zoom-2.png>]
Underfull \hbox (badness 10000) in paragraph at lines 436--437

 []

[16]
Underfull \hbox (badness 10000) in paragraph at lines 477--478

 []

[17]
Underfull \hbox (badness 10000) in paragraph at lines 523--524

 []

[18] <../../images/ullm_is_filt_weights_P200.png, id=85, 752.8125pt x 160.6pt>
File: ../../images/ullm_is_filt_weights_P200.png Graphic file (type png)

<use ../../images/ullm_is_filt_weights_P200.png>
Package pdftex.def Info: ../../images/ullm_is_filt_weights_P200.png used on inp
ut line 531.
(pdftex.def)             Requested size: 426.79134pt x 91.05037pt.

<../../images/ullm_is_pred_weights_P200.png, id=86, 752.8125pt x 200.75pt>
File: ../../images/ullm_is_pred_weights_P200.png Graphic file (type png)

<use ../../images/ullm_is_pred_weights_P200.png>
Package pdftex.def Info: ../../images/ullm_is_pred_weights_P200.png used on inp
ut line 536.
(pdftex.def)             Requested size: 426.79134pt x 113.81297pt.

Underfull \hbox (badness 10000) in paragraph at lines 555--557

 []

[19 <../../images/ullm_is_filt_weights_P200.png> <../../images/ullm_is_pred_wei
ghts_P200.png>]
<../../images/ullm-loglik-eta.png, id=93, 501.875pt x 602.25pt>
File: ../../images/ullm-loglik-eta.png Graphic file (type png)

<use ../../images/ullm-loglik-eta.png>
Package pdftex.def Info: ../../images/ullm-loglik-eta.png used on input line 56
2.
(pdftex.def)             Requested size: 213.39566pt x 256.07692pt.

<../../images/ullm-loglik-zoom.png, id=94, 501.875pt x 602.25pt>
File: ../../images/ullm-loglik-zoom.png Graphic file (type png)

<use ../../images/ullm-loglik-zoom.png>
Package pdftex.def Info: ../../images/ullm-loglik-zoom.png used on input line 5
66.
(pdftex.def)             Requested size: 213.39566pt x 256.07692pt.

Underfull \hbox (badness 10000) in paragraph at lines 572--573

 []


Underfull \hbox (badness 10000) in paragraph at lines 574--575

 []

<../../images/ullm-loglik-aux-eta.png, id=95, 501.875pt x 301.125pt>
File: ../../images/ullm-loglik-aux-eta.png Graphic file (type png)

<use ../../images/ullm-loglik-aux-eta.png>
Package pdftex.def Info: ../../images/ullm-loglik-aux-eta.png used on input lin
e 580.
(pdftex.def)             Requested size: 213.39566pt x 128.03845pt.

<../../images/ullm-loglik-aux-eta-2.png, id=96, 501.875pt x 301.125pt>
File: ../../images/ullm-loglik-aux-eta-2.png Graphic file (type png)

<use ../../images/ullm-loglik-aux-eta-2.png>
Package pdftex.def Info: ../../images/ullm-loglik-aux-eta-2.png used on input l
ine 584.
(pdftex.def)             Requested size: 213.39566pt x 128.03845pt.


LaTeX Warning: `!h' float specifier changed to `!ht'.


Underfull \hbox (badness 10000) in paragraph at lines 590--591

 []

[20 <../../images/ullm-loglik-eta.png> <../../images/ullm-loglik-zoom.png>]
[21 <../../images/ullm-loglik-aux-eta.png> <../../images/ullm-loglik-aux-eta-2.
png>]
Chapter 4.

Underfull \hbox (badness 10000) in paragraph at lines 602--603

 []


Underfull \hbox (badness 10000) in paragraph at lines 625--626

 []

[22

]
Underfull \hbox (badness 10000) in paragraph at lines 649--650

 []


Underfull \hbox (badness 10000) in paragraph at lines 670--671

 []


LaTeX Warning: `!h' float specifier changed to `!ht'.


Underfull \hbox (badness 10000) in paragraph at lines 691--692

 []

[23] <../../images/ullm-mc-mle.png, id=113, 1003.75pt x 301.125pt>
File: ../../images/ullm-mc-mle.png Graphic file (type png)

<use ../../images/ullm-mc-mle.png>
Package pdftex.def Info: ../../images/ullm-mc-mle.png used on input line 697.
(pdftex.def)             Requested size: 441.01772pt x 132.307pt.

Overfull \hbox (11.01309pt too wide) in paragraph at lines 697--698
 [][] 
 []

[24 <../../images/ullm-mc-mle.png>]
Chapter 5.
[25

] <../../images/mllm-realization-v2.png, id=122, 1003.75pt x 301.125pt>
File: ../../images/mllm-realization-v2.png Graphic file (type png)

<use ../../images/mllm-realization-v2.png>
Package pdftex.def Info: ../../images/mllm-realization-v2.png used on input lin
e 764.
(pdftex.def)             Requested size: 441.01772pt x 132.307pt.

Overfull \hbox (11.01309pt too wide) in paragraph at lines 764--765
 [][] 
 []


Underfull \hbox (badness 10000) in paragraph at lines 771--772

 []

<../../images/mllm-estimate-kalman.png, id=123, 1003.75pt x 301.125pt>
File: ../../images/mllm-estimate-kalman.png Graphic file (type png)

<use ../../images/mllm-estimate-kalman.png>
Package pdftex.def Info: ../../images/mllm-estimate-kalman.png used on input li
ne 775.
(pdftex.def)             Requested size: 441.01772pt x 132.307pt.

Overfull \hbox (11.01309pt too wide) in paragraph at lines 775--776
 [][] 
 []

<../../images/mllm-estimate-sir.png, id=124, 1003.75pt x 301.125pt>
File: ../../images/mllm-estimate-sir.png Graphic file (type png)

<use ../../images/mllm-estimate-sir.png>
Package pdftex.def Info: ../../images/mllm-estimate-sir.png used on input line 
782.
(pdftex.def)             Requested size: 441.01772pt x 132.307pt.

Overfull \hbox (11.01309pt too wide) in paragraph at lines 782--783
 [][] 
 []


LaTeX Warning: `!h' float specifier changed to `!ht'.


Underfull \hbox (badness 10000) in paragraph at lines 789--790

 []

[26 <../../images/mllm-realization-v2.png> <../../images/mllm-estimate-kalman.p
ng>]
Underfull \hbox (badness 10000) in paragraph at lines 806--807

 []


Underfull \hbox (badness 10000) in paragraph at lines 808--809

 []

[27 <../../images/mllm-estimate-sir.png>]
<../../images/mllm-loglik-var2.png, id=134, 501.875pt x 401.5pt>
File: ../../images/mllm-loglik-var2.png Graphic file (type png)

<use ../../images/mllm-loglik-var2.png>
Package pdftex.def Info: ../../images/mllm-loglik-var2.png used on input line 8
14.
(pdftex.def)             Requested size: 213.39566pt x 170.71794pt.

<../../images/mllm-loglik-rho.png, id=135, 501.875pt x 401.5pt>
File: ../../images/mllm-loglik-rho.png Graphic file (type png)

<use ../../images/mllm-loglik-rho.png>
Package pdftex.def Info: ../../images/mllm-loglik-rho.png used on input line 81
8.
(pdftex.def)             Requested size: 213.39566pt x 170.71794pt.
 [28 <../../images/mllm-loglik-var2.png> <../../images/mllm-loglik-rho.png>] [2
9]
Underfull \hbox (badness 10000) in paragraph at lines 885--887

 []

<../../images/hdpm-realization.png, id=144, 602.25pt x 351.3125pt>
File: ../../images/hdpm-realization.png Graphic file (type png)

<use ../../images/hdpm-realization.png>
Package pdftex.def Info: ../../images/hdpm-realization.png used on input line 8
92.
(pdftex.def)             Requested size: 207.70511pt x 121.16005pt.

<../../images/hdpm-log-param.png, id=145, 602.25pt x 351.3125pt>
File: ../../images/hdpm-log-param.png Graphic file (type png)

<use ../../images/hdpm-log-param.png>
Package pdftex.def Info: ../../images/hdpm-log-param.png used on input line 896
.
(pdftex.def)             Requested size: 207.70511pt x 121.16005pt.
 [30 <../../images/hdpm-realization.png> <../../images/hdpm-log-param.png>]
<../../images/hdpm-est.png, id=151, 702.625pt x 401.5pt>
File: ../../images/hdpm-est.png Graphic file (type png)

<use ../../images/hdpm-est.png>
Package pdftex.def Info: ../../images/hdpm-est.png used on input line 908.
(pdftex.def)             Requested size: 327.20668pt x 186.97737pt.

Underfull \hbox (badness 10000) in paragraph at lines 913--914

 []


Underfull \hbox (badness 10000) in paragraph at lines 923--924

 []


LaTeX Warning: `!h' float specifier changed to `!ht'.

[31 <../../images/hdpm-est.png>]
<../../images/hdpm-loglik-Dphi1.png, id=157, 501.875pt x 301.125pt>
File: ../../images/hdpm-loglik-Dphi1.png Graphic file (type png)

<use ../../images/hdpm-loglik-Dphi1.png>
Package pdftex.def Info: ../../images/hdpm-loglik-Dphi1.png used on input line 
945.
(pdftex.def)             Requested size: 213.39566pt x 128.03845pt.

<../../images/hdpm-loglik-Dphi1-zoom.png, id=158, 501.875pt x 301.125pt>
File: ../../images/hdpm-loglik-Dphi1-zoom.png Graphic file (type png)

<use ../../images/hdpm-loglik-Dphi1-zoom.png>
Package pdftex.def Info: ../../images/hdpm-loglik-Dphi1-zoom.png used on input 
line 949.
(pdftex.def)             Requested size: 213.39566pt x 128.03845pt.

<../../images/hdpm-loglik-Dvar.png, id=159, 501.875pt x 301.125pt>
File: ../../images/hdpm-loglik-Dvar.png Graphic file (type png)

<use ../../images/hdpm-loglik-Dvar.png>
Package pdftex.def Info: ../../images/hdpm-loglik-Dvar.png used on input line 9
59.
(pdftex.def)             Requested size: 213.39566pt x 128.03845pt.

<../../images/hdpm-loglik-Dvar-zoom.png, id=160, 501.875pt x 301.125pt>
File: ../../images/hdpm-loglik-Dvar-zoom.png Graphic file (type png)

<use ../../images/hdpm-loglik-Dvar-zoom.png>
Package pdftex.def Info: ../../images/hdpm-loglik-Dvar-zoom.png used on input l
ine 963.
(pdftex.def)             Requested size: 213.39566pt x 128.03845pt.
 [32 <../../images/hdpm-loglik-Dphi1.png> <../../images/hdpm-loglik-Dphi1-zoom.
png> <../../images/hdpm-loglik-Dvar.png> <../../images/hdpm-loglik-Dvar-zoom.pn
g>]
Chapter 6.
(./14D000_Thesis.bbl [33

]
Missing character: There is no â in font cmti10!
Missing character: There is no € in font cmti10!
Missing character: There is no “ in font cmti10!
) [34

] (./14D000_Thesis.aux)

LaTeX Font Warning: Some font shapes were not available, defaults substituted.

 ) 
Here is how much of TeX's memory you used:
 6535 strings out of 493089
 104436 string characters out of 6134842
 249668 words of memory out of 5000000
 9888 multiletter control sequences out of 15000+600000
 19013 words of font info for 70 fonts, out of 8000000 for 9000
 1141 hyphenation exceptions out of 8191
 48i,18n,52p,1030b,430s stack positions out of 5000i,500n,10000p,200000b,80000s
</usr/local/texlive/2015/texmf-dist/fonts/type1/public/amsfonts/cm/cmbx10.pfb
></usr/local/texlive/2015/texmf-dist/fonts/type1/public/amsfonts/cm/cmcsc10.pfb
></usr/local/texlive/2015/texmf-dist/fonts/type1/public/amsfonts/cm/cmex10.pfb>
</usr/local/texlive/2015/texmf-dist/fonts/type1/public/amsfonts/cm/cmmi10.pfb><
/usr/local/texlive/2015/texmf-dist/fonts/type1/public/amsfonts/cm/cmmi8.pfb></u
sr/local/texlive/2015/texmf-dist/fonts/type1/public/amsfonts/cm/cmmib10.pfb></u
sr/local/texlive/2015/texmf-dist/fonts/type1/public/amsfonts/cm/cmr10.pfb></usr
/local/texlive/2015/texmf-dist/fonts/type1/public/amsfonts/cm/cmr12.pfb></usr/l
ocal/texlive/2015/texmf-dist/fonts/type1/public/amsfonts/cm/cmr8.pfb></usr/loca
l/texlive/2015/texmf-dist/fonts/type1/public/amsfonts/cm/cmr9.pfb></usr/local/t
exlive/2015/texmf-dist/fonts/type1/public/amsfonts/cm/cmssbx10.pfb></usr/local/
texlive/2015/texmf-dist/fonts/type1/public/amsfonts/cm/cmsy10.pfb></usr/local/t
exlive/2015/texmf-dist/fonts/type1/public/amsfonts/cm/cmsy8.pfb></usr/local/tex
live/2015/texmf-dist/fonts/type1/public/amsfonts/cm/cmti10.pfb></usr/local/texl
ive/2015/texmf-dist/fonts/type1/public/amsfonts/cm/cmtt10.pfb>
Output written on 14D000_Thesis.pdf (34 pages, 1217907 bytes).
PDF statistics:
 223 PDF objects out of 1000 (max. 8388607)
 122 compressed objects within 2 object streams
 0 named destinations out of 1000 (max. 500000)
 121 words of extra memory for PDF output out of 10000 (max. 10000000)

